  [1m[36m (1.2ms)[0m  [1mCREATE TABLE "schema_migrations" ("version" varchar NOT NULL) [0m
  [1m[35m (0.0ms)[0m  select sqlite_version(*)
  [1m[36m (1.0ms)[0m  [1mCREATE UNIQUE INDEX "unique_schema_migrations" ON "schema_migrations" ("version")[0m
  [1m[35mActiveRecord::SchemaMigration Load (0.1ms)[0m  SELECT "schema_migrations".* FROM "schema_migrations"
  [1m[36mActiveRecord::SchemaMigration Load (0.1ms)[0m  [1mSELECT "schema_migrations".* FROM "schema_migrations"[0m
Migrating to CreatePosts (20151230232412)
  [1m[35m (0.1ms)[0m  begin transaction
  [1m[36m (0.4ms)[0m  [1mCREATE TABLE "posts" ("id" INTEGER PRIMARY KEY AUTOINCREMENT NOT NULL, "title" varchar, "description" text, "created_at" datetime NOT NULL, "updated_at" datetime NOT NULL) [0m
  [1m[35mSQL (0.2ms)[0m  INSERT INTO "schema_migrations" ("version") VALUES (?)  [["version", "20151230232412"]]
  [1m[36m (1.3ms)[0m  [1mcommit transaction[0m
  [1m[35mActiveRecord::SchemaMigration Load (0.1ms)[0m  SELECT "schema_migrations".* FROM "schema_migrations"


Started GET "/posts/new" for ::1 at 2015-12-30 20:30:31 -0600
  [1m[36mActiveRecord::SchemaMigration Load (0.1ms)[0m  [1mSELECT "schema_migrations".* FROM "schema_migrations"[0m
Processing by PostsController#new as HTML
  Rendered posts/new.html.erb within layouts/application (2.7ms)
Completed 200 OK in 393ms (Views: 383.8ms | ActiveRecord: 0.0ms)


Started POST "/posts" for ::1 at 2015-12-30 20:30:37 -0600
Processing by PostsController#create as HTML
  Parameters: {"utf8"=>"✓", "authenticity_token"=>"Hjp1RiR9ya6iFqkxVbwpk4S8rTowSYfUHBxQZzKCrcwuqlFxP2gFlrxGWRZYDnx9U/sdURHTMwpX6/wSjx76KQ==", "title"=>"Rails Introduction Quiz", "description"=>"asdfasd", "commit"=>"Submit Post"}
Redirected to http://localhost:3000/posts/new
Completed 302 Found in 1ms (ActiveRecord: 0.0ms)


Started GET "/posts/new" for ::1 at 2015-12-30 20:30:37 -0600
Processing by PostsController#new as HTML
  Rendered posts/new.html.erb within layouts/application (0.4ms)
Completed 200 OK in 10ms (Views: 9.0ms | ActiveRecord: 0.0ms)


Started GET "/posts/new?someting=asdafdas" for ::1 at 2015-12-30 20:33:34 -0600
Processing by PostsController#new as HTML
  Parameters: {"someting"=>"asdafdas"}
  Rendered posts/new.html.erb within layouts/application (0.3ms)
Completed 200 OK in 9ms (Views: 8.1ms | ActiveRecord: 0.0ms)


Started GET "/posts/new?someting=asdafdas" for ::1 at 2015-12-30 20:40:29 -0600
Processing by PostsController#new as HTML
  Parameters: {"someting"=>"asdafdas"}
  Rendered posts/new.html.erb within layouts/application (0.4ms)
Completed 200 OK in 10ms (Views: 9.6ms | ActiveRecord: 0.0ms)


Started GET "/assets/application.self-e80e8f2318043e8af94dddc2adad5a4f09739a8ebb323b3ab31cd71d45fd9113.css?body=1" for ::1 at 2015-12-30 20:40:29 -0600


Started GET "/assets/jquery_ujs.self-d456baa54c1fa6be2ec3711f0a72ddf7a5b2f34a6b4f515f33767d6207b7d4b3.js?body=1" for ::1 at 2015-12-30 20:40:29 -0600


Started GET "/assets/jquery.self-a714331225dda820228db323939889f149aec0127aeb06255646b616ba1ca419.js?body=1" for ::1 at 2015-12-30 20:40:29 -0600


Started GET "/assets/application.self-3b8dabdc891efe46b9a144b400ad69e37d7e5876bdc39dee783419a69d7ca819.js?body=1" for ::1 at 2015-12-30 20:40:29 -0600


Started GET "/assets/turbolinks.self-c37727e9bd6b2735da5c311aa83fead54ed0be6cc8bd9a65309e9c5abe2cbfff.js?body=1" for ::1 at 2015-12-30 20:40:29 -0600


Started GET "/posts/new" for ::1 at 2015-12-30 20:40:37 -0600
Processing by PostsController#new as HTML
  Rendered posts/new.html.erb within layouts/application (0.4ms)
Completed 200 OK in 10ms (Views: 9.3ms | ActiveRecord: 0.0ms)


Started POST "/posts" for ::1 at 2015-12-30 20:40:55 -0600
Processing by PostsController#create as HTML
  Parameters: {"utf8"=>"✓", "authenticity_token"=>"8wEmAU4QXBwNFcOKOvFNuQeQp8Yq4xHFehAkMFbvryDDkQI2VQWQJBNFM603QxhX0NcXrQt5pRsx54hF63P4xQ==", "title"=>"Rails Introduction Quiz", "description"=>"asdfasdfasd", "commit"=>"Submit Post"}
Redirected to http://localhost:3000/posts/new
Completed 302 Found in 1ms (ActiveRecord: 0.0ms)


Started GET "/posts/new" for ::1 at 2015-12-30 20:40:55 -0600
Processing by PostsController#new as HTML
  Rendered posts/new.html.erb within layouts/application (0.3ms)
Completed 200 OK in 8ms (Views: 6.9ms | ActiveRecord: 0.0ms)


Started GET "/posts/new" for ::1 at 2015-12-30 20:41:09 -0600
Processing by PostsController#new as HTML
  Rendered posts/new.html.erb within layouts/application (0.4ms)
Completed 200 OK in 10ms (Views: 8.9ms | ActiveRecord: 0.0ms)


Started GET "/assets/application.self-e80e8f2318043e8af94dddc2adad5a4f09739a8ebb323b3ab31cd71d45fd9113.css?body=1" for ::1 at 2015-12-30 20:41:09 -0600


Started GET "/assets/turbolinks.self-c37727e9bd6b2735da5c311aa83fead54ed0be6cc8bd9a65309e9c5abe2cbfff.js?body=1" for ::1 at 2015-12-30 20:41:09 -0600


Started GET "/assets/jquery_ujs.self-d456baa54c1fa6be2ec3711f0a72ddf7a5b2f34a6b4f515f33767d6207b7d4b3.js?body=1" for ::1 at 2015-12-30 20:41:09 -0600


Started GET "/assets/jquery.self-a714331225dda820228db323939889f149aec0127aeb06255646b616ba1ca419.js?body=1" for ::1 at 2015-12-30 20:41:09 -0600


Started GET "/assets/application.self-3b8dabdc891efe46b9a144b400ad69e37d7e5876bdc39dee783419a69d7ca819.js?body=1" for ::1 at 2015-12-30 20:41:09 -0600


Started POST "/posts" for ::1 at 2015-12-30 20:41:12 -0600
Processing by PostsController#create as HTML
  Parameters: {"utf8"=>"✓", "authenticity_token"=>"wM0kUAuTuVVs64yO9C+2FgVExLWEkXYBL4fHjMvdHb/wXQBnEIZ1bXK7fKn5neP40gN03qULwt9kcGv5dkFKWg==", "title"=>"Rails Introduction Quiz", "description"=>"asdf", "commit"=>"Submit Post"}
Redirected to http://localhost:3000/posts/new?post%5Baction%5D=create&post%5Bauthenticity_token%5D=wM0kUAuTuVVs64yO9C%2B2FgVExLWEkXYBL4fHjMvdHb%2FwXQBnEIZ1bXK7fKn5neP40gN03qULwt9kcGv5dkFKWg%3D%3D&post%5Bcommit%5D=Submit+Post&post%5Bcontroller%5D=posts&post%5Bdescription%5D=asdf&post%5Btitle%5D=Rails+Introduction+Quiz&post%5Butf8%5D=%E2%9C%93
Completed 302 Found in 1ms (ActiveRecord: 0.0ms)


Started GET "/posts/new?post%5Baction%5D=create&post%5Bauthenticity_token%5D=wM0kUAuTuVVs64yO9C%2B2FgVExLWEkXYBL4fHjMvdHb%2FwXQBnEIZ1bXK7fKn5neP40gN03qULwt9kcGv5dkFKWg%3D%3D&post%5Bcommit%5D=Submit+Post&post%5Bcontroller%5D=posts&post%5Bdescription%5D=asdf&post%5Btitle%5D=Rails+Introduction+Quiz&post%5Butf8%5D=%E2%9C%93" for ::1 at 2015-12-30 20:41:12 -0600
Processing by PostsController#new as HTML
  Parameters: {"post"=>{"action"=>"create", "authenticity_token"=>"wM0kUAuTuVVs64yO9C+2FgVExLWEkXYBL4fHjMvdHb/wXQBnEIZ1bXK7fKn5neP40gN03qULwt9kcGv5dkFKWg==", "commit"=>"Submit Post", "controller"=>"posts", "description"=>"asdf", "title"=>"Rails Introduction Quiz", "utf8"=>"✓"}}
  Rendered posts/new.html.erb within layouts/application (0.3ms)
Completed 200 OK in 8ms (Views: 7.2ms | ActiveRecord: 0.0ms)


Started GET "/" for ::1 at 2018-01-13 13:55:26 -0500
  [1m[36mActiveRecord::SchemaMigration Load (0.1ms)[0m  [1mSELECT "schema_migrations".* FROM "schema_migrations"[0m
Processing by Rails::WelcomeController#index as HTML
  Rendered /Users/tanelam/.rvm/gems/ruby-2.3.3/gems/railties-4.2.10/lib/rails/templates/rails/welcome/index.html.erb (1.7ms)
Completed 200 OK in 23ms (Views: 11.6ms | ActiveRecord: 0.0ms)


Started GET "/posts" for ::1 at 2018-01-13 13:55:36 -0500
Processing by PostsController#index as HTML
  [1m[35mPost Load (0.1ms)[0m  SELECT "posts".* FROM "posts"
  Rendered posts/index.html.erb within layouts/application (1.2ms)
Completed 200 OK in 459ms (Views: 456.5ms | ActiveRecord: 0.2ms)


Started GET "/posts/new" for ::1 at 2018-01-13 13:55:47 -0500
Processing by PostsController#new as HTML
  Rendered posts/new.html.erb within layouts/application (0.6ms)
Completed 200 OK in 14ms (Views: 13.4ms | ActiveRecord: 0.0ms)


Started GET "/posts/new" for ::1 at 2018-01-13 14:59:09 -0500
Processing by PostsController#new as HTML
  Rendered posts/new.html.erb within layouts/application (0.4ms)
Completed 200 OK in 27ms (Views: 25.9ms | ActiveRecord: 0.0ms)


Started GET "/assets/jquery.self-bd7ddd393353a8d2480a622e80342adf488fb6006d667e8b42e4c0073393abee.js?body=1" for ::1 at 2018-01-13 14:59:09 -0500


Started GET "/assets/turbolinks.self-2db6ec539b9190f75e1d477b305df53d12904d5cafdd47c7ffd91ba25cbec128.js?body=1" for ::1 at 2018-01-13 14:59:09 -0500


Started GET "/assets/jquery_ujs.self-784a997f6726036b1993eb2217c9cb558e1cbb801c6da88105588c56f13b466a.js?body=1" for ::1 at 2018-01-13 14:59:09 -0500


Started GET "/assets/application.self-3b8dabdc891efe46b9a144b400ad69e37d7e5876bdc39dee783419a69d7ca819.js?body=1" for ::1 at 2018-01-13 14:59:09 -0500


Started GET "/assets/application.self-e80e8f2318043e8af94dddc2adad5a4f09739a8ebb323b3ab31cd71d45fd9113.css?body=1" for ::1 at 2018-01-13 14:59:09 -0500


Started GET "/posts/new" for ::1 at 2018-01-13 15:00:35 -0500
Processing by PostsController#new as HTML
  Rendered posts/new.html.erb within layouts/application (0.0ms)
Completed 200 OK in 14ms (Views: 13.2ms | ActiveRecord: 0.0ms)


Started GET "/posts/new" for ::1 at 2018-01-13 15:17:00 -0500
Processing by PostsController#new as HTML
  Rendered posts/new.html.erb within layouts/application (0.4ms)
Completed 200 OK in 14ms (Views: 13.6ms | ActiveRecord: 0.0ms)


Started GET "/posts/new" for ::1 at 2018-01-13 15:17:05 -0500
Processing by PostsController#new as HTML
  Rendered posts/new.html.erb within layouts/application (0.3ms)
Completed 200 OK in 11ms (Views: 10.9ms | ActiveRecord: 0.0ms)


Started GET "/posts/new?post%5Btitle%5D=&post%5Bdescription%5D=" for ::1 at 2018-01-13 15:18:42 -0500
Processing by PostsController#new as HTML
  Parameters: {"post"=>{"title"=>"", "description"=>""}}
  Rendered posts/new.html.erb within layouts/application (0.1ms)
Completed 200 OK in 13ms (Views: 12.5ms | ActiveRecord: 0.0ms)


Started GET "/posts/new?post%5Btitle%5D=gffgfgff&post%5Bdescription%5D=kjkjkjklj" for ::1 at 2018-01-13 15:18:55 -0500
Processing by PostsController#new as HTML
  Parameters: {"post"=>{"title"=>"gffgfgff", "description"=>"kjkjkjklj"}}
  Rendered posts/new.html.erb within layouts/application (0.1ms)
Completed 200 OK in 14ms (Views: 13.8ms | ActiveRecord: 0.0ms)


Started GET "/posts/new?post%5Btitle%5D=gffgfgff&post%5Bdescription%5D=kjkjkjklj" for ::1 at 2018-01-13 16:36:50 -0500
Processing by PostsController#new as HTML
  Parameters: {"post"=>{"title"=>"gffgfgff", "description"=>"kjkjkjklj"}}
  Rendered posts/new.html.erb within layouts/application (0.5ms)
Completed 200 OK in 18ms (Views: 17.2ms | ActiveRecord: 0.0ms)


Started GET "/posts/new?post%5Btitle%5D=gffgfgff&post%5Bdescription%5D=kjkjkjklj" for ::1 at 2018-01-13 16:36:53 -0500
Processing by PostsController#new as HTML
  Parameters: {"post"=>{"title"=>"gffgfgff", "description"=>"kjkjkjklj"}}
  Rendered posts/new.html.erb within layouts/application (0.2ms)
Completed 200 OK in 14ms (Views: 13.6ms | ActiveRecord: 0.0ms)


Started GET "/posts/new?post%5Btitle%5D=gffgfgff&post%5Bdescription%5D=kjkjkjklj" for ::1 at 2018-01-13 16:37:14 -0500
  [1m[36mActiveRecord::SchemaMigration Load (0.1ms)[0m  [1mSELECT "schema_migrations".* FROM "schema_migrations"[0m
Processing by PostsController#new as HTML
  Parameters: {"post"=>{"title"=>"gffgfgff", "description"=>"kjkjkjklj"}}
  Rendered posts/new.html.erb within layouts/application (3.4ms)
Completed 200 OK in 301ms (Views: 290.2ms | ActiveRecord: 0.0ms)


Started POST "/posts" for ::1 at 2018-01-13 16:37:39 -0500
Processing by PostsController#create as HTML
  Parameters: {"post"=>{"title"=>"tania", "description"=>"cats cats cats cats cats cats cats cats\r\n"}, "authenticity_token"=>"gHJ0/iPAe46jKdpSGdNYKejML5d4yE3CNQwjS6x1PNsLNIV6cLk8QN1R3uqVo1hNeOeOEJjPne5d/erhkJpPOg=="}
  [1m[35m (0.1ms)[0m  begin transaction
  [1m[36mSQL (0.5ms)[0m  [1mINSERT INTO "posts" ("title", "description", "created_at", "updated_at") VALUES (?, ?, ?, ?)[0m  [["title", "tania"], ["description", "cats cats cats cats cats cats cats cats\r\n"], ["created_at", "2018-01-13 21:37:39.169249"], ["updated_at", "2018-01-13 21:37:39.169249"]]
  [1m[35m (1.1ms)[0m  commit transaction
Completed 500 Internal Server Error in 30ms (ActiveRecord: 1.9ms)

NameError (undefined local variable or method `redirect_to_posts_path' for #<PostsController:0x007f85bd4b7540>):
  app/controllers/posts_controller.rb:11:in `create'


  Rendered /Users/tanelam/.rvm/gems/ruby-2.3.3/gems/actionpack-4.2.10/lib/action_dispatch/middleware/templates/rescues/_source.erb (4.4ms)
  Rendered /Users/tanelam/.rvm/gems/ruby-2.3.3/gems/actionpack-4.2.10/lib/action_dispatch/middleware/templates/rescues/_trace.html.erb (2.0ms)
  Rendered /Users/tanelam/.rvm/gems/ruby-2.3.3/gems/actionpack-4.2.10/lib/action_dispatch/middleware/templates/rescues/_request_and_response.html.erb (1.2ms)
  Rendered /Users/tanelam/.rvm/gems/ruby-2.3.3/gems/actionpack-4.2.10/lib/action_dispatch/middleware/templates/rescues/diagnostics.html.erb within rescues/layout (84.6ms)


Started GET "/posts" for ::1 at 2018-01-13 16:38:20 -0500
Processing by PostsController#index as HTML
  [1m[36mPost Load (0.2ms)[0m  [1mSELECT "posts".* FROM "posts"[0m
  Rendered posts/index.html.erb within layouts/application (1.2ms)
Completed 200 OK in 13ms (Views: 11.7ms | ActiveRecord: 0.2ms)


Started GET "/posts" for ::1 at 2018-01-13 16:38:35 -0500
Processing by PostsController#index as HTML
  [1m[35mPost Load (0.1ms)[0m  SELECT "posts".* FROM "posts"
  Rendered posts/index.html.erb within layouts/application (0.6ms)
Completed 200 OK in 15ms (Views: 14.2ms | ActiveRecord: 0.1ms)


Started GET "/posts/new" for ::1 at 2018-01-13 16:38:42 -0500
Processing by PostsController#new as HTML
  Rendered posts/new.html.erb within layouts/application (0.4ms)
Completed 200 OK in 15ms (Views: 14.4ms | ActiveRecord: 0.0ms)


Started POST "/posts" for ::1 at 2018-01-13 16:39:06 -0500
Processing by PostsController#create as HTML
  Parameters: {"post"=>{"title"=>"oskar", "description"=>"cats cats cats cats cats"}, "authenticity_token"=>"ckWr5lzBKqlwBQss9DFCAOwSZc5wMxgLYNYalS3j9+75A1piD7htZw59D5R4QUJkfDnESZA0yCcIJ9M/EQyEDw=="}
  [1m[36m (0.1ms)[0m  [1mbegin transaction[0m
  [1m[35mSQL (0.3ms)[0m  INSERT INTO "posts" ("title", "description", "created_at", "updated_at") VALUES (?, ?, ?, ?)  [["title", "oskar"], ["description", "cats cats cats cats cats"], ["created_at", "2018-01-13 21:39:06.728872"], ["updated_at", "2018-01-13 21:39:06.728872"]]
  [1m[36m (1.0ms)[0m  [1mcommit transaction[0m
Completed 500 Internal Server Error in 19ms (ActiveRecord: 1.4ms)

NameError (undefined local variable or method `redirect_to_posts_path' for #<PostsController:0x007f85bd631f38>):
  app/controllers/posts_controller.rb:11:in `create'


  Rendered /Users/tanelam/.rvm/gems/ruby-2.3.3/gems/actionpack-4.2.10/lib/action_dispatch/middleware/templates/rescues/_source.erb (5.5ms)
  Rendered /Users/tanelam/.rvm/gems/ruby-2.3.3/gems/actionpack-4.2.10/lib/action_dispatch/middleware/templates/rescues/_trace.html.erb (1.7ms)
  Rendered /Users/tanelam/.rvm/gems/ruby-2.3.3/gems/actionpack-4.2.10/lib/action_dispatch/middleware/templates/rescues/_request_and_response.html.erb (1.0ms)
  Rendered /Users/tanelam/.rvm/gems/ruby-2.3.3/gems/actionpack-4.2.10/lib/action_dispatch/middleware/templates/rescues/diagnostics.html.erb within rescues/layout (76.5ms)


Started POST "/posts" for ::1 at 2018-01-13 16:40:08 -0500
Processing by PostsController#create as HTML
  Parameters: {"post"=>{"title"=>"oskar", "description"=>"cats cats cats cats cats"}, "authenticity_token"=>"ckWr5lzBKqlwBQss9DFCAOwSZc5wMxgLYNYalS3j9+75A1piD7htZw59D5R4QUJkfDnESZA0yCcIJ9M/EQyEDw=="}
  [1m[35m (0.1ms)[0m  begin transaction
  [1m[36mSQL (0.4ms)[0m  [1mINSERT INTO "posts" ("title", "description", "created_at", "updated_at") VALUES (?, ?, ?, ?)[0m  [["title", "oskar"], ["description", "cats cats cats cats cats"], ["created_at", "2018-01-13 21:40:08.301235"], ["updated_at", "2018-01-13 21:40:08.301235"]]
  [1m[35m (12.7ms)[0m  commit transaction
Redirected to http://localhost:3000/posts
Completed 302 Found in 22ms (ActiveRecord: 13.7ms)


Started GET "/posts" for ::1 at 2018-01-13 16:40:08 -0500
Processing by PostsController#index as HTML
  [1m[36mPost Load (0.2ms)[0m  [1mSELECT "posts".* FROM "posts"[0m
  Rendered posts/index.html.erb within layouts/application (1.1ms)
Completed 200 OK in 24ms (Views: 23.3ms | ActiveRecord: 0.2ms)


Started POST "/posts" for ::1 at 2018-01-13 16:40:16 -0500
Processing by PostsController#create as HTML
  Parameters: {"post"=>{"title"=>"tama", "description"=>"cats cats cats cats cats"}, "authenticity_token"=>"ckWr5lzBKqlwBQss9DFCAOwSZc5wMxgLYNYalS3j9+75A1piD7htZw59D5R4QUJkfDnESZA0yCcIJ9M/EQyEDw=="}
  [1m[35m (0.1ms)[0m  begin transaction
  [1m[36mSQL (0.3ms)[0m  [1mINSERT INTO "posts" ("title", "description", "created_at", "updated_at") VALUES (?, ?, ?, ?)[0m  [["title", "tama"], ["description", "cats cats cats cats cats"], ["created_at", "2018-01-13 21:40:16.514199"], ["updated_at", "2018-01-13 21:40:16.514199"]]
  [1m[35m (1.2ms)[0m  commit transaction
Redirected to http://localhost:3000/posts
Completed 302 Found in 4ms (ActiveRecord: 1.6ms)


Started GET "/posts" for ::1 at 2018-01-13 16:40:16 -0500
Processing by PostsController#index as HTML
  [1m[36mPost Load (0.1ms)[0m  [1mSELECT "posts".* FROM "posts"[0m
  Rendered posts/index.html.erb within layouts/application (0.7ms)
Completed 200 OK in 12ms (Views: 11.4ms | ActiveRecord: 0.1ms)


Started GET "/posts" for ::1 at 2018-01-13 16:49:32 -0500
Processing by PostsController#index as HTML
  [1m[35mPost Load (0.2ms)[0m  SELECT "posts".* FROM "posts"
  Rendered posts/index.html.erb within layouts/application (1.0ms)
Completed 200 OK in 18ms (Views: 16.9ms | ActiveRecord: 0.2ms)


Started GET "/posts" for ::1 at 2018-01-13 16:49:36 -0500
Processing by PostsController#index as HTML
  [1m[36mPost Load (5.8ms)[0m  [1mSELECT "posts".* FROM "posts"[0m
  Rendered posts/index.html.erb within layouts/application (6.9ms)
Completed 200 OK in 20ms (Views: 13.4ms | ActiveRecord: 5.8ms)


Started GET "/" for ::1 at 2018-01-13 16:49:50 -0500
Processing by Rails::WelcomeController#index as HTML
  Rendered /Users/tanelam/.rvm/gems/ruby-2.3.3/gems/railties-4.2.10/lib/rails/templates/rails/welcome/index.html.erb (1.2ms)
Completed 200 OK in 10ms (Views: 8.7ms | ActiveRecord: 0.0ms)


Started GET "/posts/new" for ::1 at 2018-01-13 16:49:52 -0500
Processing by PostsController#new as HTML
  Rendered posts/new.html.erb within layouts/application (0.6ms)
Completed 500 Internal Server Error in 6ms (ActiveRecord: 0.0ms)

SyntaxError (/Users/tanelam/Development/Two/rails-form_tag-readme-web-121117/app/views/posts/new.html.erb:14: syntax error, unexpected keyword_end
'.freeze;@output_buffer.append=( end );@output_buffer.safe_append='
                                    ^
/Users/tanelam/Development/Two/rails-form_tag-readme-web-121117/app/views/posts/new.html.erb:16: syntax error, unexpected keyword_ensure, expecting ')'
/Users/tanelam/Development/Two/rails-form_tag-readme-web-121117/app/views/posts/new.html.erb:18: syntax error, unexpected keyword_end, expecting ')'):
  app/views/posts/new.html.erb:14: syntax error, unexpected keyword_end
  app/views/posts/new.html.erb:16: syntax error, unexpected keyword_ensure, expecting ')'
  app/views/posts/new.html.erb:18: syntax error, unexpected keyword_end, expecting ')'


  Rendered /Users/tanelam/.rvm/gems/ruby-2.3.3/gems/actionpack-4.2.10/lib/action_dispatch/middleware/templates/rescues/_source.erb (5.2ms)
  Rendered /Users/tanelam/.rvm/gems/ruby-2.3.3/gems/actionpack-4.2.10/lib/action_dispatch/middleware/templates/rescues/_trace.html.erb (2.5ms)
  Rendered /Users/tanelam/.rvm/gems/ruby-2.3.3/gems/actionpack-4.2.10/lib/action_dispatch/middleware/templates/rescues/_request_and_response.html.erb (0.8ms)
  Rendered /Users/tanelam/.rvm/gems/ruby-2.3.3/gems/actionpack-4.2.10/lib/action_dispatch/middleware/templates/rescues/diagnostics.html.erb within rescues/layout (72.0ms)


Started GET "/posts/new" for ::1 at 2018-01-13 16:55:00 -0500
Processing by PostsController#new as HTML
  Rendered posts/new.html.erb within layouts/application (0.4ms)
Completed 500 Internal Server Error in 6ms (ActiveRecord: 0.0ms)

SyntaxError (/Users/tanelam/Development/Two/rails-form_tag-readme-web-121117/app/views/posts/new.html.erb:13: syntax error, unexpected keyword_end
'.freeze;@output_buffer.append=( end );@output_buffer.safe_append='
                                    ^
/Users/tanelam/Development/Two/rails-form_tag-readme-web-121117/app/views/posts/new.html.erb:15: syntax error, unexpected keyword_ensure, expecting ')'
/Users/tanelam/Development/Two/rails-form_tag-readme-web-121117/app/views/posts/new.html.erb:17: syntax error, unexpected keyword_end, expecting ')'):
  app/views/posts/new.html.erb:13: syntax error, unexpected keyword_end
  app/views/posts/new.html.erb:15: syntax error, unexpected keyword_ensure, expecting ')'
  app/views/posts/new.html.erb:17: syntax error, unexpected keyword_end, expecting ')'


  Rendered /Users/tanelam/.rvm/gems/ruby-2.3.3/gems/actionpack-4.2.10/lib/action_dispatch/middleware/templates/rescues/_source.erb (5.2ms)
  Rendered /Users/tanelam/.rvm/gems/ruby-2.3.3/gems/actionpack-4.2.10/lib/action_dispatch/middleware/templates/rescues/_trace.html.erb (3.5ms)
  Rendered /Users/tanelam/.rvm/gems/ruby-2.3.3/gems/actionpack-4.2.10/lib/action_dispatch/middleware/templates/rescues/_request_and_response.html.erb (0.7ms)
  Rendered /Users/tanelam/.rvm/gems/ruby-2.3.3/gems/actionpack-4.2.10/lib/action_dispatch/middleware/templates/rescues/diagnostics.html.erb within rescues/layout (64.0ms)


Started GET "/posts/new" for ::1 at 2018-01-13 16:55:03 -0500
Processing by PostsController#new as HTML
  Rendered posts/new.html.erb within layouts/application (0.7ms)
Completed 500 Internal Server Error in 6ms (ActiveRecord: 0.0ms)

SyntaxError (/Users/tanelam/Development/Two/rails-form_tag-readme-web-121117/app/views/posts/new.html.erb:13: syntax error, unexpected keyword_end
'.freeze;@output_buffer.append=( end );@output_buffer.safe_append='
                                    ^
/Users/tanelam/Development/Two/rails-form_tag-readme-web-121117/app/views/posts/new.html.erb:15: syntax error, unexpected keyword_ensure, expecting ')'
/Users/tanelam/Development/Two/rails-form_tag-readme-web-121117/app/views/posts/new.html.erb:17: syntax error, unexpected keyword_end, expecting ')'):
  app/views/posts/new.html.erb:13: syntax error, unexpected keyword_end
  app/views/posts/new.html.erb:15: syntax error, unexpected keyword_ensure, expecting ')'
  app/views/posts/new.html.erb:17: syntax error, unexpected keyword_end, expecting ')'


  Rendered /Users/tanelam/.rvm/gems/ruby-2.3.3/gems/actionpack-4.2.10/lib/action_dispatch/middleware/templates/rescues/_source.erb (6.7ms)
  Rendered /Users/tanelam/.rvm/gems/ruby-2.3.3/gems/actionpack-4.2.10/lib/action_dispatch/middleware/templates/rescues/_trace.html.erb (2.1ms)
  Rendered /Users/tanelam/.rvm/gems/ruby-2.3.3/gems/actionpack-4.2.10/lib/action_dispatch/middleware/templates/rescues/_request_and_response.html.erb (0.7ms)
  Rendered /Users/tanelam/.rvm/gems/ruby-2.3.3/gems/actionpack-4.2.10/lib/action_dispatch/middleware/templates/rescues/diagnostics.html.erb within rescues/layout (66.9ms)


Started GET "/posts/new" for ::1 at 2018-01-13 16:55:41 -0500
Processing by PostsController#new as HTML
  Rendered posts/new.html.erb within layouts/application (0.6ms)
Completed 200 OK in 21ms (Views: 20.1ms | ActiveRecord: 0.0ms)
